<?xml version="1.0" encoding="UTF-8"?>
<coverage generated="1603132398509" clover="3.2.0">
  <project timestamp="1603132398509" name="All files">
    <metrics statements="38" coveredstatements="38" conditionals="12" coveredconditionals="12" methods="16" coveredmethods="16" elements="66" coveredelements="66" complexity="0" loc="38" ncloc="38" packages="1" files="3" classes="3"/>
    <file name="index.js" path="D:\Laboratoria\Bootcamp\md-links\LIM013-fe-md-links\src\index.js">
      <metrics statements="31" coveredstatements="31" conditionals="6" coveredconditionals="6" methods="12" coveredmethods="12"/>
      <line num="8" count="3" type="stmt"/>
      <line num="9" count="3" type="stmt"/>
      <line num="11" count="3" type="stmt"/>
      <line num="13" count="23" type="cond" truecount="2" falsecount="0"/>
      <line num="15" count="15" type="stmt"/>
      <line num="17" count="3" type="stmt"/>
      <line num="18" count="22" type="stmt"/>
      <line num="19" count="22" type="stmt"/>
      <line num="20" count="22" type="cond" truecount="2" falsecount="0"/>
      <line num="21" count="13" type="cond" truecount="2" falsecount="0"/>
      <line num="23" count="9" type="stmt"/>
      <line num="24" count="13" type="stmt"/>
      <line num="25" count="13" type="stmt"/>
      <line num="28" count="22" type="stmt"/>
      <line num="31" count="3" type="stmt"/>
      <line num="32" count="7" type="stmt"/>
      <line num="33" count="7" type="stmt"/>
      <line num="34" count="7" type="stmt"/>
      <line num="35" count="7" type="stmt"/>
      <line num="36" count="7" type="stmt"/>
      <line num="37" count="7" type="stmt"/>
      <line num="38" count="7" type="stmt"/>
      <line num="39" count="7" type="stmt"/>
      <line num="40" count="7" type="stmt"/>
      <line num="47" count="7" type="stmt"/>
      <line num="50" count="3" type="stmt"/>
      <line num="51" count="4" type="stmt"/>
      <line num="53" count="4" type="stmt"/>
      <line num="54" count="3" type="stmt"/>
      <line num="59" count="1" type="stmt"/>
      <line num="64" count="4" type="stmt"/>
    </file>
    <file name="md-links.js" path="D:\Laboratoria\Bootcamp\md-links\LIM013-fe-md-links\src\md-links.js">
      <metrics statements="3" coveredstatements="3" conditionals="4" coveredconditionals="4" methods="2" coveredmethods="2"/>
      <line num="5" count="2" type="stmt"/>
      <line num="6" count="2" type="cond" truecount="2" falsecount="0"/>
      <line num="7" count="2" type="cond" truecount="2" falsecount="0"/>
    </file>
    <file name="stats.js" path="D:\Laboratoria\Bootcamp\md-links\LIM013-fe-md-links\src\stats.js">
      <metrics statements="4" coveredstatements="4" conditionals="2" coveredconditionals="2" methods="2" coveredmethods="2"/>
      <line num="1" count="1" type="stmt"/>
      <line num="2" count="1" type="stmt"/>
      <line num="4" count="6" type="cond" truecount="2" falsecount="0"/>
      <line num="5" count="1" type="stmt"/>
    </file>
  </project>
</coverage>
