{"D:\\Laboratoria\\Bootcamp\\md-links\\LIM013-fe-md-links\\src\\index.js": {"path":"D:\\Laboratoria\\Bootcamp\\md-links\\LIM013-fe-md-links\\src\\index.js","statementMap":{"0":{"start":{"line":8,"column":15},"end":{"line":8,"column":18}},"1":{"start":{"line":9,"column":18},"end":{"line":9,"column":23}},"2":{"start":{"line":11,"column":22},"end":{"line":11,"column":55}},"3":{"start":{"line":11,"column":34},"end":{"line":11,"column":54}},"4":{"start":{"line":13,"column":26},"end":{"line":13,"column":93}},"5":{"start":{"line":13,"column":38},"end":{"line":13,"column":92}},"6":{"start":{"line":15,"column":24},"end":{"line":15,"column":66}},"7":{"start":{"line":15,"column":36},"end":{"line":15,"column":65}},"8":{"start":{"line":17,"column":26},"end":{"line":29,"column":1}},"9":{"start":{"line":18,"column":19},"end":{"line":18,"column":21}},"10":{"start":{"line":19,"column":16},"end":{"line":19,"column":36}},"11":{"start":{"line":20,"column":2},"end":{"line":27,"column":3}},"12":{"start":{"line":21,"column":4},"end":{"line":21,"column":48}},"13":{"start":{"line":21,"column":25},"end":{"line":21,"column":48}},"14":{"start":{"line":23,"column":4},"end":{"line":26,"column":7}},"15":{"start":{"line":24,"column":21},"end":{"line":24,"column":55}},"16":{"start":{"line":25,"column":6},"end":{"line":25,"column":45}},"17":{"start":{"line":28,"column":2},"end":{"line":28,"column":20}},"18":{"start":{"line":31,"column":19},"end":{"line":48,"column":1}},"19":{"start":{"line":32,"column":18},"end":{"line":32,"column":35}},"20":{"start":{"line":33,"column":22},"end":{"line":33,"column":24}},"21":{"start":{"line":34,"column":2},"end":{"line":46,"column":5}},"22":{"start":{"line":35,"column":17},"end":{"line":35,"column":48}},"23":{"start":{"line":36,"column":21},"end":{"line":36,"column":33}},"24":{"start":{"line":37,"column":16},"end":{"line":37,"column":35}},"25":{"start":{"line":38,"column":17},"end":{"line":38,"column":58}},"26":{"start":{"line":39,"column":4},"end":{"line":45,"column":7}},"27":{"start":{"line":40,"column":6},"end":{"line":44,"column":9}},"28":{"start":{"line":47,"column":2},"end":{"line":47,"column":21}},"29":{"start":{"line":50,"column":29},"end":{"line":69,"column":1}},"30":{"start":{"line":51,"column":16},"end":{"line":51,"column":33}},"31":{"start":{"line":53,"column":22},"end":{"line":67,"column":8}},"32":{"start":{"line":53,"column":42},"end":{"line":67,"column":7}},"33":{"start":{"line":54,"column":20},"end":{"line":60,"column":5}},"34":{"start":{"line":61,"column":18},"end":{"line":67,"column":5}},"35":{"start":{"line":68,"column":2},"end":{"line":68,"column":34}}},"fnMap":{"0":{"name":"(anonymous_0)","decl":{"start":{"line":11,"column":22},"end":{"line":11,"column":23}},"loc":{"start":{"line":11,"column":34},"end":{"line":11,"column":54}},"line":11},"1":{"name":"(anonymous_1)","decl":{"start":{"line":13,"column":26},"end":{"line":13,"column":27}},"loc":{"start":{"line":13,"column":38},"end":{"line":13,"column":92}},"line":13},"2":{"name":"(anonymous_2)","decl":{"start":{"line":15,"column":24},"end":{"line":15,"column":25}},"loc":{"start":{"line":15,"column":36},"end":{"line":15,"column":65}},"line":15},"3":{"name":"(anonymous_3)","decl":{"start":{"line":17,"column":26},"end":{"line":17,"column":27}},"loc":{"start":{"line":17,"column":40},"end":{"line":29,"column":1}},"line":17},"4":{"name":"(anonymous_4)","decl":{"start":{"line":23,"column":34},"end":{"line":23,"column":35}},"loc":{"start":{"line":23,"column":44},"end":{"line":26,"column":5}},"line":23},"5":{"name":"(anonymous_5)","decl":{"start":{"line":31,"column":19},"end":{"line":31,"column":20}},"loc":{"start":{"line":31,"column":30},"end":{"line":48,"column":1}},"line":31},"6":{"name":"(anonymous_6)","decl":{"start":{"line":34,"column":18},"end":{"line":34,"column":19}},"loc":{"start":{"line":34,"column":30},"end":{"line":46,"column":3}},"line":34},"7":{"name":"(anonymous_7)","decl":{"start":{"line":39,"column":17},"end":{"line":39,"column":18}},"loc":{"start":{"line":39,"column":30},"end":{"line":45,"column":5}},"line":39},"8":{"name":"(anonymous_8)","decl":{"start":{"line":50,"column":29},"end":{"line":50,"column":30}},"loc":{"start":{"line":50,"column":40},"end":{"line":69,"column":1}},"line":50},"9":{"name":"(anonymous_9)","decl":{"start":{"line":53,"column":32},"end":{"line":53,"column":33}},"loc":{"start":{"line":53,"column":42},"end":{"line":67,"column":7}},"line":53},"10":{"name":"(anonymous_10)","decl":{"start":{"line":54,"column":10},"end":{"line":54,"column":11}},"loc":{"start":{"line":54,"column":20},"end":{"line":60,"column":5}},"line":54},"11":{"name":"(anonymous_11)","decl":{"start":{"line":61,"column":11},"end":{"line":61,"column":12}},"loc":{"start":{"line":61,"column":18},"end":{"line":67,"column":5}},"line":61}},"branchMap":{"0":{"loc":{"start":{"line":13,"column":38},"end":{"line":13,"column":92}},"type":"cond-expr","locations":[{"start":{"line":13,"column":64},"end":{"line":13,"column":69}},{"start":{"line":13,"column":73},"end":{"line":13,"column":92}}],"line":13},"1":{"loc":{"start":{"line":20,"column":2},"end":{"line":27,"column":3}},"type":"if","locations":[{"start":{"line":20,"column":2},"end":{"line":27,"column":3}},{"start":{"line":20,"column":2},"end":{"line":27,"column":3}}],"line":20},"2":{"loc":{"start":{"line":21,"column":4},"end":{"line":21,"column":48}},"type":"if","locations":[{"start":{"line":21,"column":4},"end":{"line":21,"column":48}},{"start":{"line":21,"column":4},"end":{"line":21,"column":48}}],"line":21}},"s":{"0":3,"1":3,"2":3,"3":2,"4":3,"5":23,"6":3,"7":15,"8":3,"9":22,"10":22,"11":22,"12":13,"13":11,"14":9,"15":13,"16":13,"17":22,"18":3,"19":7,"20":7,"21":7,"22":7,"23":7,"24":7,"25":7,"26":7,"27":7,"28":7,"29":3,"30":4,"31":4,"32":4,"33":3,"34":1,"35":4},"f":{"0":2,"1":23,"2":15,"3":22,"4":13,"5":7,"6":7,"7":7,"8":4,"9":4,"10":3,"11":1},"b":{"0":[15,8],"1":[13,9],"2":[11,2]},"_coverageSchema":"1a1c01bbd47fc00a2c39e90264f33305004495a9","hash":"06f451243f8b4412153550b9d08d0bb86485eb9c"}
,"D:\\Laboratoria\\Bootcamp\\md-links\\LIM013-fe-md-links\\src\\md-links.js": {"path":"D:\\Laboratoria\\Bootcamp\\md-links\\LIM013-fe-md-links\\src\\md-links.js","statementMap":{"0":{"start":{"line":5,"column":16},"end":{"line":8,"column":2}},"1":{"start":{"line":5,"column":36},"end":{"line":8,"column":2}},"2":{"start":{"line":6,"column":2},"end":{"line":6,"column":65}},"3":{"start":{"line":6,"column":38},"end":{"line":6,"column":65}},"4":{"start":{"line":7,"column":2},"end":{"line":7,"column":63}},"5":{"start":{"line":7,"column":33},"end":{"line":7,"column":63}}},"fnMap":{"0":{"name":"(anonymous_0)","decl":{"start":{"line":5,"column":16},"end":{"line":5,"column":17}},"loc":{"start":{"line":5,"column":36},"end":{"line":8,"column":2}},"line":5},"1":{"name":"(anonymous_1)","decl":{"start":{"line":5,"column":48},"end":{"line":5,"column":49}},"loc":{"start":{"line":5,"column":61},"end":{"line":8,"column":1}},"line":5}},"branchMap":{"0":{"loc":{"start":{"line":6,"column":2},"end":{"line":6,"column":65}},"type":"if","locations":[{"start":{"line":6,"column":2},"end":{"line":6,"column":65}},{"start":{"line":6,"column":2},"end":{"line":6,"column":65}}],"line":6},"1":{"loc":{"start":{"line":7,"column":2},"end":{"line":7,"column":63}},"type":"if","locations":[{"start":{"line":7,"column":2},"end":{"line":7,"column":63}},{"start":{"line":7,"column":2},"end":{"line":7,"column":63}}],"line":7}},"s":{"0":1,"1":2,"2":2,"3":1,"4":2,"5":1},"f":{"0":2,"1":2},"b":{"0":[1,1],"1":[1,1]},"_coverageSchema":"1a1c01bbd47fc00a2c39e90264f33305004495a9","hash":"d6948d7a3b955f89d00e0a2f82a91b5498f4b0f1"}
,"D:\\Laboratoria\\Bootcamp\\md-links\\LIM013-fe-md-links\\src\\stats.js": {"path":"D:\\Laboratoria\\Bootcamp\\md-links\\LIM013-fe-md-links\\src\\stats.js","statementMap":{"0":{"start":{"line":1,"column":19},"end":{"line":6,"column":1}},"1":{"start":{"line":2,"column":16},"end":{"line":2,"column":31}},"2":{"start":{"line":4,"column":17},"end":{"line":4,"column":129}},"3":{"start":{"line":4,"column":51},"end":{"line":4,"column":124}},"4":{"start":{"line":5,"column":2},"end":{"line":5,"column":47}}},"fnMap":{"0":{"name":"(anonymous_0)","decl":{"start":{"line":1,"column":19},"end":{"line":1,"column":20}},"loc":{"start":{"line":1,"column":33},"end":{"line":6,"column":1}},"line":1},"1":{"name":"(anonymous_1)","decl":{"start":{"line":4,"column":33},"end":{"line":4,"column":34}},"loc":{"start":{"line":4,"column":51},"end":{"line":4,"column":124}},"line":4}},"branchMap":{"0":{"loc":{"start":{"line":4,"column":51},"end":{"line":4,"column":124}},"type":"cond-expr","locations":[{"start":{"line":4,"column":107},"end":{"line":4,"column":116}},{"start":{"line":4,"column":119},"end":{"line":4,"column":124}}],"line":4}},"s":{"0":1,"1":1,"2":1,"3":6,"4":1},"f":{"0":1,"1":6},"b":{"0":[2,4]},"_coverageSchema":"1a1c01bbd47fc00a2c39e90264f33305004495a9","hash":"ebb7fba679c2a9feb59b42f1269258be95c3c935"}
}
