TN:
SF:src\index.js
FN:11,(anonymous_0)
FN:13,(anonymous_1)
FN:15,(anonymous_2)
FN:17,(anonymous_3)
FN:23,(anonymous_4)
FN:31,(anonymous_5)
FN:34,(anonymous_6)
FN:39,(anonymous_7)
FN:50,(anonymous_8)
FN:53,(anonymous_9)
FN:54,(anonymous_10)
FN:59,(anonymous_11)
FNF:12
FNH:12
FNDA:2,(anonymous_0)
FNDA:23,(anonymous_1)
FNDA:15,(anonymous_2)
FNDA:22,(anonymous_3)
FNDA:13,(anonymous_4)
FNDA:7,(anonymous_5)
FNDA:7,(anonymous_6)
FNDA:7,(anonymous_7)
FNDA:4,(anonymous_8)
FNDA:4,(anonymous_9)
FNDA:3,(anonymous_10)
FNDA:1,(anonymous_11)
DA:8,3
DA:9,3
DA:11,3
DA:13,23
DA:15,15
DA:17,3
DA:18,22
DA:19,22
DA:20,22
DA:21,13
DA:23,9
DA:24,13
DA:25,13
DA:28,22
DA:31,3
DA:32,7
DA:33,7
DA:34,7
DA:35,7
DA:36,7
DA:37,7
DA:38,7
DA:39,7
DA:40,7
DA:47,7
DA:50,3
DA:51,4
DA:53,4
DA:54,3
DA:59,1
DA:64,4
LF:31
LH:31
BRDA:13,0,0,15
BRDA:13,0,1,8
BRDA:20,1,0,13
BRDA:20,1,1,9
BRDA:21,2,0,11
BRDA:21,2,1,2
BRF:6
BRH:6
end_of_record
TN:
SF:src\md-links.js
FN:5,(anonymous_0)
FN:5,(anonymous_1)
FNF:2
FNH:2
FNDA:2,(anonymous_0)
FNDA:2,(anonymous_1)
DA:5,2
DA:6,2
DA:7,2
LF:3
LH:3
BRDA:6,0,0,1
BRDA:6,0,1,1
BRDA:7,1,0,1
BRDA:7,1,1,1
BRF:4
BRH:4
end_of_record
TN:
SF:src\stats.js
FN:1,(anonymous_0)
FN:4,(anonymous_1)
FNF:2
FNH:2
FNDA:1,(anonymous_0)
FNDA:6,(anonymous_1)
DA:1,1
DA:2,1
DA:4,6
DA:5,1
LF:4
LH:4
BRDA:4,0,0,2
BRDA:4,0,1,4
BRF:2
BRH:2
end_of_record
